Using pre-set license
Built from '2020.3/staging' branch; Version is '2020.3.22f1 (e1a7f79fd887) revision 14788599'; Using compiler version '192528614'; Build Type 'Release'
OS: 'Windows 10 Pro; OS build 19043.1706; Version 2009; 64bit' Language: 'tr' Physical Memory: 16263 MB
BatchMode: 1, IsHumanControllingUs: 0, StartBugReporterOnCrash: 0, Is64bit: 1, IsPro: 0

COMMAND LINE ARGUMENTS:
D:\Dev\2020.3.22f1\Editor\Unity.exe
-adb2
-batchMode
-noUpm
-name
AssetImportWorker0
-projectPath
D:/Dev/Alictus Case
-logFile
Logs/AssetImportWorker0.log
-srvPort
64984
Successfully changed project path to: D:/Dev/Alictus Case
D:/Dev/Alictus Case
Using Asset Import Pipeline V2.
Refreshing native plugins compatible for Editor in 72.22 ms, found 2 plugins.
Preloading 0 native plugins for Editor in 0.00 ms.
Initialize engine version: 2020.3.22f1 (e1a7f79fd887)
[Subsystems] Discovering subsystems at path D:/Dev/2020.3.22f1/Editor/Data/Resources/UnitySubsystems
[Subsystems] Discovering subsystems at path D:/Dev/Alictus Case/Assets
GfxDevice: creating device client; threaded=0
Direct3D:
    Version:  Direct3D 11.0 [level 11.1]
    Renderer: NVIDIA GeForce GTX 1050 (ID=0x1c8d)
    Vendor:   
    VRAM:     4019 MB
    Driver:   30.0.15.1277
Initialize mono
Mono path[0] = 'D:/Dev/2020.3.22f1/Editor/Data/Managed'
Mono path[1] = 'D:/Dev/2020.3.22f1/Editor/Data/MonoBleedingEdge/lib/mono/unityjit'
Mono config path = 'D:/Dev/2020.3.22f1/Editor/Data/MonoBleedingEdge/etc'
Using monoOptions --debugger-agent=transport=dt_socket,embedding=1,server=y,suspend=n,address=127.0.0.1:56176
Begin MonoManager ReloadAssembly
Registering precompiled unity dll's ...
Register platform support module: D:/Dev/2020.3.22f1/Editor/Data/PlaybackEngines/WindowsStandaloneSupport/UnityEditor.WindowsStandalone.Extensions.dll
Registered in 0.001249 seconds.
Native extension for WindowsStandalone target not found
Refreshing native plugins compatible for Editor in 86.21 ms, found 2 plugins.
Preloading 0 native plugins for Editor in 0.00 ms.
Mono: successfully reloaded assembly
- Completed reload, in  2.735 seconds
Domain Reload Profiling:
	ReloadAssembly (2735ms)
		BeginReloadAssembly (68ms)
			ExecutionOrderSort (0ms)
			DisableScriptedObjects (0ms)
			BackupInstance (0ms)
			ReleaseScriptingObjects (0ms)
			CreateAndSetChildDomain (1ms)
		EndReloadAssembly (679ms)
			LoadAssemblies (67ms)
			RebuildTransferFunctionScriptingTraits (0ms)
			SetupTypeCache (211ms)
			ReleaseScriptCaches (0ms)
			RebuildScriptCaches (40ms)
			SetupLoadedEditorAssemblies (286ms)
				LogAssemblyErrors (0ms)
				InitializePlatformSupportModulesInManaged (7ms)
				SetLoadedEditorAssemblies (0ms)
				RefreshPlugins (86ms)
				BeforeProcessingInitializeOnLoad (19ms)
				ProcessInitializeOnLoadAttributes (132ms)
				ProcessInitializeOnLoadMethodAttributes (42ms)
				AfterProcessingInitializeOnLoad (0ms)
				EditorAssembliesLoaded (0ms)
			ExecutionOrderSort2 (0ms)
			AwakeInstancesAfterBackupRestoration (0ms)
Platform modules already initialized, skipping
Registering precompiled user dll's ...
Registered in 0.004656 seconds.
Begin MonoManager ReloadAssembly
Native extension for WindowsStandalone target not found
Refreshing native plugins compatible for Editor in 69.95 ms, found 2 plugins.
Preloading 0 native plugins for Editor in 0.00 ms.
Mono: successfully reloaded assembly
- Completed reload, in  1.843 seconds
Domain Reload Profiling:
	ReloadAssembly (1844ms)
		BeginReloadAssembly (275ms)
			ExecutionOrderSort (0ms)
			DisableScriptedObjects (6ms)
			BackupInstance (0ms)
			ReleaseScriptingObjects (0ms)
			CreateAndSetChildDomain (36ms)
		EndReloadAssembly (1476ms)
			LoadAssemblies (136ms)
			RebuildTransferFunctionScriptingTraits (0ms)
			SetupTypeCache (517ms)
			ReleaseScriptCaches (1ms)
			RebuildScriptCaches (133ms)
			SetupLoadedEditorAssemblies (458ms)
				LogAssemblyErrors (0ms)
				InitializePlatformSupportModulesInManaged (4ms)
				SetLoadedEditorAssemblies (0ms)
				RefreshPlugins (70ms)
				BeforeProcessingInitializeOnLoad (99ms)
				ProcessInitializeOnLoadAttributes (265ms)
				ProcessInitializeOnLoadMethodAttributes (12ms)
				AfterProcessingInitializeOnLoad (7ms)
				EditorAssembliesLoaded (0ms)
			ExecutionOrderSort2 (0ms)
			AwakeInstancesAfterBackupRestoration (9ms)
Platform modules already initialized, skipping
========================================================================
Worker process is ready to serve import requests
Launched and connected shader compiler UnityShaderCompiler.exe after 0.20 seconds
Refreshing native plugins compatible for Editor in 0.75 ms, found 2 plugins.
Preloading 0 native plugins for Editor in 0.00 ms.
Unloading 2795 Unused Serialized files (Serialized files now loaded: 0)
System memory in use before: 125.5 MB.
System memory in use after: 125.7 MB.

Unloading 20 unused Assets to reduce memory usage. Loaded Objects now: 3225.
Total: 18.970100 ms (FindLiveObjects: 0.697400 ms CreateObjectMapping: 0.329600 ms MarkObjects: 17.843400 ms  DeleteObjects: 0.097200 ms)

AssetImportParameters requested are different than current active one (requested -> active):
  custom:framework-win-MediaFoundation: 216162199b28c13a410421893ffa2e32 -> 
  custom:video-decoder-ogg-theora: a1e56fd34408186e4bbccfd4996cb3dc -> 
  custom:container-muxer-webm: aa71ff27fc2769a1b78a27578f13a17b -> 
  custom:container-demuxer-webm: 4f35f7cbe854078d1ac9338744f61a02 -> 
  custom:container-demuxer-ogg: 62fdf1f143b41e24485cea50d1cbac27 -> 
  custom:video-encoder-webm-vp8: eb34c28f22e8b96e1ab97ce403110664 -> 
  custom:video-decoder-webm-vp8: 9c59270c3fd7afecdb556c50c9e8de78 -> 
  custom:audio-decoder-ogg-vorbis: bf7c407c2cedff20999df2af8eb42d56 -> 
  custom:audio-encoder-webm-vorbis: bf7c407c2cedff20999df2af8eb42d56 -> 
========================================================================
Received Import Request.
  path: Assets/Readme.asset
  artifactKey: Guid(83c2ed844a8c74b779a4c823d16594b1) Importer(815301076,1909f56bfc062723c751e8b465ee728b)
Start importing Assets/Readme.asset using Guid(83c2ed844a8c74b779a4c823d16594b1) Importer(815301076,1909f56bfc062723c751e8b465ee728b)  -> (artifact id: '8ffd2c44ffeb50c574abb5d0c4453328') in 0.335179 seconds 
  Import took 0.348345 seconds .

========================================================================
Received Import Request.
  Time since last request: 2173.585966 seconds.
  path: Assets/Scenes
  artifactKey: Guid(2071d95ac9216cb49a8a67e9465320bb) Importer(815301076,1909f56bfc062723c751e8b465ee728b)
Start importing Assets/Scenes using Guid(2071d95ac9216cb49a8a67e9465320bb) Importer(815301076,1909f56bfc062723c751e8b465ee728b)  -> (artifact id: '3c3f54d9b29f2e4b4dac3cec81b28917') in 0.008293 seconds 
  Import took 0.014555 seconds .

========================================================================
Received Import Request.
  Time since last request: 1.576008 seconds.
  path: Assets/Scenes/SampleScene.unity
  artifactKey: Guid(d1c3109bdb54ad54c8a2b2838528e640) Importer(815301076,1909f56bfc062723c751e8b465ee728b)
Start importing Assets/Scenes/SampleScene.unity using Guid(d1c3109bdb54ad54c8a2b2838528e640) Importer(815301076,1909f56bfc062723c751e8b465ee728b)  -> (artifact id: '1a7c01bc8ed57adf1ede3d700e613d7f') in 0.032615 seconds 
  Import took 0.037757 seconds .

========================================================================
Received Import Request.
  Time since last request: 2.657190 seconds.
  path: Assets/Scenes/SampleSceneLightingSettings.lighting
  artifactKey: Guid(477cc4148fad3449482a3bc3178594e2) Importer(815301076,1909f56bfc062723c751e8b465ee728b)
Start importing Assets/Scenes/SampleSceneLightingSettings.lighting using Guid(477cc4148fad3449482a3bc3178594e2) Importer(815301076,1909f56bfc062723c751e8b465ee728b)  -> (artifact id: '4a26a52e718306fba651ad1c5ff177c0') in 0.009853 seconds 
  Import took 0.014907 seconds .

========================================================================
Received Import Request.
  Time since last request: 20.034889 seconds.
  path: Assets/Scenes/New Scene.unity
  artifactKey: Guid(2883a1d820c1e0e4baef2be1c4cf5007) Importer(815301076,1909f56bfc062723c751e8b465ee728b)
Start importing Assets/Scenes/New Scene.unity using Guid(2883a1d820c1e0e4baef2be1c4cf5007) Importer(815301076,1909f56bfc062723c751e8b465ee728b)  -> (artifact id: 'e0dcc0887359398413ff17ea0f678854') in 0.010093 seconds 
  Import took 0.043633 seconds .

========================================================================
Received Import Request.
  Time since last request: 3.815630 seconds.
  path: Assets/Scenes/Scene.unity
  artifactKey: Guid(2883a1d820c1e0e4baef2be1c4cf5007) Importer(815301076,1909f56bfc062723c751e8b465ee728b)
Start importing Assets/Scenes/Scene.unity using Guid(2883a1d820c1e0e4baef2be1c4cf5007) Importer(815301076,1909f56bfc062723c751e8b465ee728b)  -> (artifact id: '8eca2a95e4f8b7fc352bd895f0c52895') in 0.009228 seconds 
  Import took 0.015358 seconds .

========================================================================
Received Prepare
Registering precompiled user dll's ...
Registered in 0.004377 seconds.
Begin MonoManager ReloadAssembly
Native extension for WindowsStandalone target not found
Refreshing native plugins compatible for Editor in 66.44 ms, found 2 plugins.
Preloading 0 native plugins for Editor in 0.00 ms.
Mono: successfully reloaded assembly
- Completed reload, in  1.723 seconds
Domain Reload Profiling:
	ReloadAssembly (1725ms)
		BeginReloadAssembly (249ms)
			ExecutionOrderSort (0ms)
			DisableScriptedObjects (23ms)
			BackupInstance (0ms)
			ReleaseScriptingObjects (0ms)
			CreateAndSetChildDomain (123ms)
		EndReloadAssembly (1378ms)
			LoadAssemblies (156ms)
			RebuildTransferFunctionScriptingTraits (0ms)
			SetupTypeCache (544ms)
			ReleaseScriptCaches (1ms)
			RebuildScriptCaches (57ms)
			SetupLoadedEditorAssemblies (416ms)
				LogAssemblyErrors (0ms)
				InitializePlatformSupportModulesInManaged (5ms)
				SetLoadedEditorAssemblies (0ms)
				RefreshPlugins (67ms)
				BeforeProcessingInitializeOnLoad (88ms)
				ProcessInitializeOnLoadAttributes (242ms)
				ProcessInitializeOnLoadMethodAttributes (11ms)
				AfterProcessingInitializeOnLoad (3ms)
				EditorAssembliesLoaded (0ms)
			ExecutionOrderSort2 (0ms)
			AwakeInstancesAfterBackupRestoration (15ms)
Platform modules already initialized, skipping
Refreshing native plugins compatible for Editor in 0.56 ms, found 2 plugins.
Preloading 0 native plugins for Editor in 0.00 ms.
Unloading 2729 Unused Serialized files (Serialized files now loaded: 0)
System memory in use before: 119.5 MB.
System memory in use after: 119.7 MB.

Unloading 15 unused Assets to reduce memory usage. Loaded Objects now: 3271.
Total: 4.292000 ms (FindLiveObjects: 0.317600 ms CreateObjectMapping: 0.190900 ms MarkObjects: 3.749300 ms  DeleteObjects: 0.032500 ms)

AssetImportParameters requested are different than current active one (requested -> active):
  custom:framework-win-MediaFoundation: 216162199b28c13a410421893ffa2e32 -> 
  custom:video-decoder-ogg-theora: a1e56fd34408186e4bbccfd4996cb3dc -> 
  custom:container-muxer-webm: aa71ff27fc2769a1b78a27578f13a17b -> 
  custom:container-demuxer-webm: 4f35f7cbe854078d1ac9338744f61a02 -> 
  custom:container-demuxer-ogg: 62fdf1f143b41e24485cea50d1cbac27 -> 
  custom:video-encoder-webm-vp8: eb34c28f22e8b96e1ab97ce403110664 -> 
  custom:video-decoder-webm-vp8: 9c59270c3fd7afecdb556c50c9e8de78 -> 
  custom:audio-decoder-ogg-vorbis: bf7c407c2cedff20999df2af8eb42d56 -> 
  custom:audio-encoder-webm-vorbis: bf7c407c2cedff20999df2af8eb42d56 -> 
========================================================================
Received Prepare
Registering precompiled user dll's ...
Registered in 0.005862 seconds.
Begin MonoManager ReloadAssembly
Native extension for WindowsStandalone target not found
Refreshing native plugins compatible for Editor in 0.85 ms, found 5 plugins.
Preloading 0 native plugins for Editor in 0.00 ms.
Mono: successfully reloaded assembly
- Completed reload, in  1.433 seconds
Domain Reload Profiling:
	ReloadAssembly (1433ms)
		BeginReloadAssembly (139ms)
			ExecutionOrderSort (0ms)
			DisableScriptedObjects (5ms)
			BackupInstance (0ms)
			ReleaseScriptingObjects (0ms)
			CreateAndSetChildDomain (53ms)
		EndReloadAssembly (1224ms)
			LoadAssemblies (137ms)
			RebuildTransferFunctionScriptingTraits (0ms)
			SetupTypeCache (485ms)
			ReleaseScriptCaches (2ms)
			RebuildScriptCaches (59ms)
			SetupLoadedEditorAssemblies (390ms)
				LogAssemblyErrors (0ms)
				InitializePlatformSupportModulesInManaged (5ms)
				SetLoadedEditorAssemblies (0ms)
				RefreshPlugins (1ms)
				BeforeProcessingInitializeOnLoad (113ms)
				ProcessInitializeOnLoadAttributes (257ms)
				ProcessInitializeOnLoadMethodAttributes (11ms)
				AfterProcessingInitializeOnLoad (3ms)
				EditorAssembliesLoaded (0ms)
			ExecutionOrderSort2 (0ms)
			AwakeInstancesAfterBackupRestoration (13ms)
Platform modules already initialized, skipping
Refreshing native plugins compatible for Editor in 0.65 ms, found 5 plugins.
Preloading 0 native plugins for Editor in 0.00 ms.
Unloading 2872 Unused Serialized files (Serialized files now loaded: 0)
System memory in use before: 124.5 MB.
System memory in use after: 124.5 MB.

Unloading 28 unused Assets to reduce memory usage. Loaded Objects now: 3403.
Total: 4.806400 ms (FindLiveObjects: 0.290800 ms CreateObjectMapping: 0.183500 ms MarkObjects: 4.123600 ms  DeleteObjects: 0.207000 ms)

AssetImportParameters requested are different than current active one (requested -> active):
  custom:framework-win-MediaFoundation: 216162199b28c13a410421893ffa2e32 -> 
  custom:video-decoder-ogg-theora: a1e56fd34408186e4bbccfd4996cb3dc -> 
  custom:container-muxer-webm: aa71ff27fc2769a1b78a27578f13a17b -> 
  custom:container-demuxer-webm: 4f35f7cbe854078d1ac9338744f61a02 -> 
  custom:container-demuxer-ogg: 62fdf1f143b41e24485cea50d1cbac27 -> 
  custom:video-encoder-webm-vp8: eb34c28f22e8b96e1ab97ce403110664 -> 
  custom:video-decoder-webm-vp8: 9c59270c3fd7afecdb556c50c9e8de78 -> 
  custom:audio-decoder-ogg-vorbis: bf7c407c2cedff20999df2af8eb42d56 -> 
  custom:audio-encoder-webm-vorbis: bf7c407c2cedff20999df2af8eb42d56 -> 
========================================================================
Received Import Request.
  Time since last request: 1503.571684 seconds.
  path: Assets
  artifactKey: Guid(00000000000000001000000000000000) Importer(815301076,1909f56bfc062723c751e8b465ee728b)
Start importing Assets using Guid(00000000000000001000000000000000) Importer(815301076,1909f56bfc062723c751e8b465ee728b)  -> (artifact id: '42d402b061de3733987d63b9cc3b64de') in 0.016883 seconds 
  Import took 0.025179 seconds .

========================================================================
Received Import Request.
  Time since last request: 12.614342 seconds.
  path: Assets/Unity Basics
  artifactKey: Guid(ea9cbecaf3650a246ad44a3dd4884e16) Importer(815301076,1909f56bfc062723c751e8b465ee728b)
Start importing Assets/Unity Basics using Guid(ea9cbecaf3650a246ad44a3dd4884e16) Importer(815301076,1909f56bfc062723c751e8b465ee728b)  -> (artifact id: 'dca95a7e8bfbed4e10090669fa3f326b') in 0.009303 seconds 
  Import took 0.015255 seconds .

========================================================================
Received Prepare
Registering precompiled user dll's ...
Registered in 0.005567 seconds.
Begin MonoManager ReloadAssembly
Native extension for WindowsStandalone target not found
Refreshing native plugins compatible for Editor in 1.02 ms, found 5 plugins.
Preloading 0 native plugins for Editor in 0.00 ms.
Mono: successfully reloaded assembly
- Completed reload, in  1.379 seconds
Domain Reload Profiling:
	ReloadAssembly (1379ms)
		BeginReloadAssembly (135ms)
			ExecutionOrderSort (0ms)
			DisableScriptedObjects (5ms)
			BackupInstance (0ms)
			ReleaseScriptingObjects (0ms)
			CreateAndSetChildDomain (41ms)
		EndReloadAssembly (1177ms)
			LoadAssemblies (113ms)
			RebuildTransferFunctionScriptingTraits (0ms)
			SetupTypeCache (434ms)
			ReleaseScriptCaches (2ms)
			RebuildScriptCaches (61ms)
			SetupLoadedEditorAssemblies (420ms)
				LogAssemblyErrors (0ms)
				InitializePlatformSupportModulesInManaged (6ms)
				SetLoadedEditorAssemblies (1ms)
				RefreshPlugins (1ms)
				BeforeProcessingInitializeOnLoad (141ms)
				ProcessInitializeOnLoadAttributes (254ms)
				ProcessInitializeOnLoadMethodAttributes (13ms)
				AfterProcessingInitializeOnLoad (3ms)
				EditorAssembliesLoaded (0ms)
			ExecutionOrderSort2 (0ms)
			AwakeInstancesAfterBackupRestoration (14ms)
Platform modules already initialized, skipping
Refreshing native plugins compatible for Editor in 0.70 ms, found 5 plugins.
Preloading 0 native plugins for Editor in 0.00 ms.
Unloading 2885 Unused Serialized files (Serialized files now loaded: 0)
System memory in use before: 126.6 MB.
System memory in use after: 125.9 MB.

Unloading 41 unused Assets to reduce memory usage. Loaded Objects now: 3405.
Total: 4.359100 ms (FindLiveObjects: 0.307700 ms CreateObjectMapping: 0.182100 ms MarkObjects: 3.415500 ms  DeleteObjects: 0.452400 ms)

AssetImportParameters requested are different than current active one (requested -> active):
  custom:framework-win-MediaFoundation: 216162199b28c13a410421893ffa2e32 -> 
  custom:video-decoder-ogg-theora: a1e56fd34408186e4bbccfd4996cb3dc -> 
  custom:container-muxer-webm: aa71ff27fc2769a1b78a27578f13a17b -> 
  custom:container-demuxer-webm: 4f35f7cbe854078d1ac9338744f61a02 -> 
  custom:container-demuxer-ogg: 62fdf1f143b41e24485cea50d1cbac27 -> 
  custom:video-encoder-webm-vp8: eb34c28f22e8b96e1ab97ce403110664 -> 
  custom:video-decoder-webm-vp8: 9c59270c3fd7afecdb556c50c9e8de78 -> 
  custom:audio-decoder-ogg-vorbis: bf7c407c2cedff20999df2af8eb42d56 -> 
  custom:audio-encoder-webm-vorbis: bf7c407c2cedff20999df2af8eb42d56 -> 
========================================================================
Received Import Request.
  Time since last request: 17.042246 seconds.
  path: Assets/Presets
  artifactKey: Guid(558255460b74ec04fa70b5570e9327bd) Importer(815301076,1909f56bfc062723c751e8b465ee728b)
Start importing Assets/Presets using Guid(558255460b74ec04fa70b5570e9327bd) Importer(815301076,1909f56bfc062723c751e8b465ee728b)  -> (artifact id: 'e1966229f3d7993f283b578bcf544b58') in 0.013297 seconds 
  Import took 0.019196 seconds .

========================================================================
Received Import Request.
  Time since last request: 0.081744 seconds.
  path: Assets/Presets/AudioCompressedInMemory.preset
  artifactKey: Guid(2dd802e4d37c65149922028d3e973832) Importer(815301076,1909f56bfc062723c751e8b465ee728b)
Start importing Assets/Presets/AudioCompressedInMemory.preset using Guid(2dd802e4d37c65149922028d3e973832) Importer(815301076,1909f56bfc062723c751e8b465ee728b)  -> (artifact id: 'ac4de02398cfe62c06251b0f50233ebf') in 0.050111 seconds 
  Import took 0.057415 seconds .

========================================================================
Received Import Request.
  Time since last request: 0.000348 seconds.
  path: Assets/Presets/AudioStreaming.preset
  artifactKey: Guid(86bcce7f5575b54408aa0f3a7d321039) Importer(815301076,1909f56bfc062723c751e8b465ee728b)
Start importing Assets/Presets/AudioStreaming.preset using Guid(86bcce7f5575b54408aa0f3a7d321039) Importer(815301076,1909f56bfc062723c751e8b465ee728b)  -> (artifact id: '9982fbd60bc57b892b2c54d34a0163c0') in 0.007586 seconds 
  Import took 0.013025 seconds .

========================================================================
Received Import Request.
  Time since last request: 0.000363 seconds.
  path: Assets/Presets/NormalTexture.preset
  artifactKey: Guid(14a57cf3b9fa1c74b884aa7e0dcf1faa) Importer(815301076,1909f56bfc062723c751e8b465ee728b)
Start importing Assets/Presets/NormalTexture.preset using Guid(14a57cf3b9fa1c74b884aa7e0dcf1faa) Importer(815301076,1909f56bfc062723c751e8b465ee728b)  -> (artifact id: '9c195482fc53bc4f53f643643f636469') in 0.012445 seconds 
  Import took 0.018220 seconds .

========================================================================
Received Import Request.
  Time since last request: 0.000301 seconds.
  path: Assets/Presets/UtilityTexture.preset
  artifactKey: Guid(45f7b2e3c78185248b3adbb14429c2ab) Importer(815301076,1909f56bfc062723c751e8b465ee728b)
Start importing Assets/Presets/UtilityTexture.preset using Guid(45f7b2e3c78185248b3adbb14429c2ab) Importer(815301076,1909f56bfc062723c751e8b465ee728b)  -> (artifact id: 'ab9c1faeeb59b745cafa0ae79c874a42') in 0.008415 seconds 
  Import took 0.014378 seconds .

========================================================================
Received Import Request.
  Time since last request: 9.118433 seconds.
  path: Assets/Models
  artifactKey: Guid(78ab191541f8bba4a9ec21fc965fecc9) Importer(815301076,1909f56bfc062723c751e8b465ee728b)
Start importing Assets/Models using Guid(78ab191541f8bba4a9ec21fc965fecc9) Importer(815301076,1909f56bfc062723c751e8b465ee728b)  -> (artifact id: '833ecd93d5724b25ef76dac8494727aa') in 0.036054 seconds 
  Import took 0.091441 seconds .

========================================================================
Received Import Request.
  Time since last request: 11.443229 seconds.
  path: Assets/Prefabs
  artifactKey: Guid(dc7fbd73214dd0b4181a8081e20205d9) Importer(815301076,1909f56bfc062723c751e8b465ee728b)
Start importing Assets/Prefabs using Guid(dc7fbd73214dd0b4181a8081e20205d9) Importer(815301076,1909f56bfc062723c751e8b465ee728b)  -> (artifact id: '3df63de9096d981a6519b001f0a6eaac') in 0.007740 seconds 
  Import took 0.019719 seconds .

========================================================================
Received Import Request.
  Time since last request: 1.659048 seconds.
  path: Assets/TextMesh Pro
  artifactKey: Guid(f54d1bd14bd3ca042bd867b519fee8cc) Importer(815301076,1909f56bfc062723c751e8b465ee728b)
Start importing Assets/TextMesh Pro using Guid(f54d1bd14bd3ca042bd867b519fee8cc) Importer(815301076,1909f56bfc062723c751e8b465ee728b)  -> (artifact id: '16b4cbde9565bf190136f1148817e1ea') in 0.007980 seconds 
  Import took 0.022978 seconds .

========================================================================
Received Import Request.
  Time since last request: 9.309976 seconds.
  path: Assets/Packages
  artifactKey: Guid(b1ed22bd9a9056e4d871af56f4aba4b8) Importer(815301076,1909f56bfc062723c751e8b465ee728b)
Start importing Assets/Packages using Guid(b1ed22bd9a9056e4d871af56f4aba4b8) Importer(815301076,1909f56bfc062723c751e8b465ee728b)  -> (artifact id: 'db9c3421c398dee715d763aabe9755b9') in 0.007209 seconds 
  Import took 0.125041 seconds .

========================================================================
Received Import Request.
  Time since last request: 779.843068 seconds.
  path: Assets/Packages/Ensar Custom Fonts
  artifactKey: Guid(bcd86049968ec4221823585cbafea422) Importer(815301076,1909f56bfc062723c751e8b465ee728b)
Start importing Assets/Packages/Ensar Custom Fonts using Guid(bcd86049968ec4221823585cbafea422) Importer(815301076,1909f56bfc062723c751e8b465ee728b)  -> (artifact id: 'be8413c80eee9be9d7f49e1b44b6b983') in 0.007667 seconds 
  Import took 0.014913 seconds .

========================================================================
Received Import Request.
  Time since last request: 0.227973 seconds.
  path: Assets/Packages/Ensar Custom Fonts/3D fortnite org SDF 1.asset
  artifactKey: Guid(b59a6e0fd933c944bb3585042922290c) Importer(815301076,1909f56bfc062723c751e8b465ee728b)
Start importing Assets/Packages/Ensar Custom Fonts/3D fortnite org SDF 1.asset using Guid(b59a6e0fd933c944bb3585042922290c) Importer(815301076,1909f56bfc062723c751e8b465ee728b)  -> (artifact id: '895c2591aadd7c4a1243df61bfb4f4e3') in 0.407464 seconds 
  Import took 0.416509 seconds .

========================================================================
Received Import Request.
  Time since last request: 0.000172 seconds.
  path: Assets/Packages/Ensar Custom Fonts/tiktok font.asset
  artifactKey: Guid(2e40d6720cddc4748be7ca31f234c9ed) Importer(815301076,1909f56bfc062723c751e8b465ee728b)
Start importing Assets/Packages/Ensar Custom Fonts/tiktok font.asset using Guid(2e40d6720cddc4748be7ca31f234c9ed) Importer(815301076,1909f56bfc062723c751e8b465ee728b)  -> (artifact id: '66674222410a411ec0cd89f2179fad4e') in 0.044341 seconds 
  Import took 0.050818 seconds .

========================================================================
Received Import Request.
  Time since last request: 0.000196 seconds.
  path: Assets/Packages/Ensar Custom Fonts/GlueGun-GW8Z SDF.asset
  artifactKey: Guid(d3eacce613d3f4248acc900ac0b771fe) Importer(815301076,1909f56bfc062723c751e8b465ee728b)
Start importing Assets/Packages/Ensar Custom Fonts/GlueGun-GW8Z SDF.asset using Guid(d3eacce613d3f4248acc900ac0b771fe) Importer(815301076,1909f56bfc062723c751e8b465ee728b)  -> (artifact id: '0f177cfe19b7d081298433cfc818187c') in 0.126582 seconds 
  Import took 0.135171 seconds .

========================================================================
Received Import Request.
  Time since last request: 0.000253 seconds.
  path: Assets/Packages/Ensar Custom Fonts/RapierZeroItalic-DyK3.ttf
  artifactKey: Guid(3edf4a6a01e35ec43bee04f0f2cfed70) Importer(815301076,1909f56bfc062723c751e8b465ee728b)
Start importing Assets/Packages/Ensar Custom Fonts/RapierZeroItalic-DyK3.ttf using Guid(3edf4a6a01e35ec43bee04f0f2cfed70) Importer(815301076,1909f56bfc062723c751e8b465ee728b)  -> (artifact id: '3e3176131a73b0e69cd5887decfcc81f') in 0.028664 seconds 
  Import took 0.034518 seconds .

========================================================================
Received Import Request.
  Time since last request: 0.000291 seconds.
  path: Assets/Packages/Ensar Custom Fonts/LaoutBeautyPersonalUse-X3MjG.otf
  artifactKey: Guid(81ddad5ca14f31b4587a3e4b3dd9d77a) Importer(815301076,1909f56bfc062723c751e8b465ee728b)
Start importing Assets/Packages/Ensar Custom Fonts/LaoutBeautyPersonalUse-X3MjG.otf using Guid(81ddad5ca14f31b4587a3e4b3dd9d77a) Importer(815301076,1909f56bfc062723c751e8b465ee728b)  -> (artifact id: 'a2eda61e9d9c9b477695fb9906d73fff') in 0.016923 seconds 
  Import took 0.023118 seconds .

========================================================================
Received Import Request.
  Time since last request: 0.000253 seconds.
  path: Assets/Packages/Ensar Custom Fonts/Hypeblox-L3YGZ SDF.asset
  artifactKey: Guid(dbf749a7a0622244fafbae85f557b56b) Importer(815301076,1909f56bfc062723c751e8b465ee728b)
Start importing Assets/Packages/Ensar Custom Fonts/Hypeblox-L3YGZ SDF.asset using Guid(dbf749a7a0622244fafbae85f557b56b) Importer(815301076,1909f56bfc062723c751e8b465ee728b)  -> (artifact id: 'ef51986368211d3e75d2f1d90106fb1b') in 0.050124 seconds 
  Import took 0.055870 seconds .

========================================================================
Received Import Request.
  Time since last request: 0.000183 seconds.
  path: Assets/Packages/Ensar Custom Fonts/RapierZero-325M SDF.asset
  artifactKey: Guid(7c6f2bac39ee09d4facc6f3fbaaba5e3) Importer(815301076,1909f56bfc062723c751e8b465ee728b)
Start importing Assets/Packages/Ensar Custom Fonts/RapierZero-325M SDF.asset using Guid(7c6f2bac39ee09d4facc6f3fbaaba5e3) Importer(815301076,1909f56bfc062723c751e8b465ee728b)  -> (artifact id: '2f433c175af3e953fbecc197e9dd188b') in 0.031530 seconds 
  Import took 0.037369 seconds .

========================================================================
Received Import Request.
  Time since last request: 0.000184 seconds.
  path: Assets/Packages/Ensar Custom Fonts/fortnite org SDF.asset
  artifactKey: Guid(d48fe4822bf504732a036bf4fb0b7cd8) Importer(815301076,1909f56bfc062723c751e8b465ee728b)
Start importing Assets/Packages/Ensar Custom Fonts/fortnite org SDF.asset using Guid(d48fe4822bf504732a036bf4fb0b7cd8) Importer(815301076,1909f56bfc062723c751e8b465ee728b)  -> (artifact id: '9644e8cf39787a229e5db547c5863b52') in 0.033508 seconds 
  Import took 0.038784 seconds .

========================================================================
Received Import Request.
  Time since last request: 0.000199 seconds.
  path: Assets/Packages/Ensar Custom Fonts/Game Changer Regular.ttf
  artifactKey: Guid(333bec2a23d2dad48ab87106c905aab9) Importer(815301076,1909f56bfc062723c751e8b465ee728b)
Start importing Assets/Packages/Ensar Custom Fonts/Game Changer Regular.ttf using Guid(333bec2a23d2dad48ab87106c905aab9) Importer(815301076,1909f56bfc062723c751e8b465ee728b)  -> (artifact id: '5ab64f512ff5ec6c69f8f20d5f551f09') in 0.013088 seconds 
  Import took 0.019910 seconds .

========================================================================
Received Import Request.
  Time since last request: 0.000183 seconds.
  path: Assets/Packages/Ensar Custom Fonts/RapierZero-325M.ttf
  artifactKey: Guid(243d7b95e50a82241989f3060590d736) Importer(815301076,1909f56bfc062723c751e8b465ee728b)
Start importing Assets/Packages/Ensar Custom Fonts/RapierZero-325M.ttf using Guid(243d7b95e50a82241989f3060590d736) Importer(815301076,1909f56bfc062723c751e8b465ee728b)  -> (artifact id: '6fbdf94d4e00b57e081fe54fbc8dd1c6') in 0.017452 seconds 
  Import took 0.022659 seconds .

========================================================================
Received Import Request.
  Time since last request: 0.000190 seconds.
  path: Assets/Packages/Ensar Custom Fonts/LaoutBeautyPersonalUse-X3MjG SDF.asset
  artifactKey: Guid(c381f02088dace04bb7cc62666a188bc) Importer(815301076,1909f56bfc062723c751e8b465ee728b)
Start importing Assets/Packages/Ensar Custom Fonts/LaoutBeautyPersonalUse-X3MjG SDF.asset using Guid(c381f02088dace04bb7cc62666a188bc) Importer(815301076,1909f56bfc062723c751e8b465ee728b)  -> (artifact id: '83b047c366037002165abc7ae523128b') in 0.029514 seconds 
  Import took 0.099782 seconds .

========================================================================
Received Import Request.
  Time since last request: 0.000316 seconds.
  path: Assets/Packages/Ensar Custom Fonts/Fortnite.asset
  artifactKey: Guid(123a25090d1364aa2855b4a9408a03c9) Importer(815301076,1909f56bfc062723c751e8b465ee728b)
Start importing Assets/Packages/Ensar Custom Fonts/Fortnite.asset using Guid(123a25090d1364aa2855b4a9408a03c9) Importer(815301076,1909f56bfc062723c751e8b465ee728b)  -> (artifact id: '0d925bd8af8da0c0c899fe4b68c36468') in 0.031308 seconds 
  Import took 0.036970 seconds .

========================================================================
Received Import Request.
  Time since last request: 0.000309 seconds.
  path: Assets/Packages/Ensar Custom Fonts/Game Changer Regular SDF.asset
  artifactKey: Guid(6db35b2e965ca8147a7b9c0a766405b4) Importer(815301076,1909f56bfc062723c751e8b465ee728b)
Start importing Assets/Packages/Ensar Custom Fonts/Game Changer Regular SDF.asset using Guid(6db35b2e965ca8147a7b9c0a766405b4) Importer(815301076,1909f56bfc062723c751e8b465ee728b)  -> (artifact id: 'be15830bab7bcb4ec6512075f9283f14') in 0.027046 seconds 
  Import took 0.033300 seconds .

========================================================================
Received Import Request.
  Time since last request: 0.000251 seconds.
  path: Assets/Packages/Ensar Custom Fonts/DiloWorld-mLJLv.ttf
  artifactKey: Guid(930e9113be832694186780d411922fc6) Importer(815301076,1909f56bfc062723c751e8b465ee728b)
Start importing Assets/Packages/Ensar Custom Fonts/DiloWorld-mLJLv.ttf using Guid(930e9113be832694186780d411922fc6) Importer(815301076,1909f56bfc062723c751e8b465ee728b)  -> (artifact id: '35d3cd72e927b75d97e8d76de1dd244b') in 0.015047 seconds 
  Import took 0.029626 seconds .

========================================================================
Received Import Request.
  Time since last request: 0.000312 seconds.
  path: Assets/Packages/Ensar Custom Fonts/fortnite.otf
  artifactKey: Guid(c7de8da29a84e498ba7b95ec64db3313) Importer(815301076,1909f56bfc062723c751e8b465ee728b)
Start importing Assets/Packages/Ensar Custom Fonts/fortnite.otf using Guid(c7de8da29a84e498ba7b95ec64db3313) Importer(815301076,1909f56bfc062723c751e8b465ee728b)  -> (artifact id: '2b46c08f036677cbe1cc9c33d8922081') in 0.012780 seconds 
  Import took 0.018947 seconds .

========================================================================
Received Import Request.
  Time since last request: 0.000355 seconds.
  path: Assets/Packages/Ensar Custom Fonts/GAMERIA SDF.asset
  artifactKey: Guid(febaecb7ec30f5a44b75eb8b684092cf) Importer(815301076,1909f56bfc062723c751e8b465ee728b)
Start importing Assets/Packages/Ensar Custom Fonts/GAMERIA SDF.asset using Guid(febaecb7ec30f5a44b75eb8b684092cf) Importer(815301076,1909f56bfc062723c751e8b465ee728b)  -> (artifact id: '96d1134424ff731d60aa3be34ebafcc9') in 0.029080 seconds 
  Import took 0.035006 seconds .

========================================================================
Received Import Request.
  Time since last request: 0.000354 seconds.
  path: Assets/Packages/Ensar Custom Fonts/RapierZeroHollow-xqdO.ttf
  artifactKey: Guid(60ccd08e6c8be5540a932fbfb62e5874) Importer(815301076,1909f56bfc062723c751e8b465ee728b)
Start importing Assets/Packages/Ensar Custom Fonts/RapierZeroHollow-xqdO.ttf using Guid(60ccd08e6c8be5540a932fbfb62e5874) Importer(815301076,1909f56bfc062723c751e8b465ee728b)  -> (artifact id: '72bd95c6ec97b95946d23a1d0450b431') in 0.013353 seconds 
  Import took 0.019932 seconds .

========================================================================
Received Import Request.
  Time since last request: 0.000250 seconds.
  path: Assets/Packages/Ensar Custom Fonts/fortnite 1.otf
  artifactKey: Guid(7e93b1ed715654f4f8dd3ac5f7112dd9) Importer(815301076,1909f56bfc062723c751e8b465ee728b)
Start importing Assets/Packages/Ensar Custom Fonts/fortnite 1.otf using Guid(7e93b1ed715654f4f8dd3ac5f7112dd9) Importer(815301076,1909f56bfc062723c751e8b465ee728b)  -> (artifact id: 'e22c3080ef48e8a261d88d5c46a31903') in 0.012483 seconds 
  Import took 0.018606 seconds .

========================================================================
Received Import Request.
  Time since last request: 0.000180 seconds.
  path: Assets/Packages/Ensar Custom Fonts/RapierZeroHollow-xqdO SDF.asset
  artifactKey: Guid(4fdd1bbe0e200e84a9311f7136acb5ba) Importer(815301076,1909f56bfc062723c751e8b465ee728b)
Start importing Assets/Packages/Ensar Custom Fonts/RapierZeroHollow-xqdO SDF.asset using Guid(4fdd1bbe0e200e84a9311f7136acb5ba) Importer(815301076,1909f56bfc062723c751e8b465ee728b)  -> (artifact id: '4e04f5e83b7a1d501e6918617ac748fe') in 0.028167 seconds 
  Import took 0.033509 seconds .

========================================================================
Received Import Request.
  Time since last request: 0.000186 seconds.
  path: Assets/Packages/Ensar Custom Fonts/GAMERIA.ttf
  artifactKey: Guid(93f4a2aa7f189f3439884b08753f1b99) Importer(815301076,1909f56bfc062723c751e8b465ee728b)
Start importing Assets/Packages/Ensar Custom Fonts/GAMERIA.ttf using Guid(93f4a2aa7f189f3439884b08753f1b99) Importer(815301076,1909f56bfc062723c751e8b465ee728b)  -> (artifact id: 'f95e2b4ae6bfe23c2bd47e9af0014163') in 0.011567 seconds 
  Import took 0.016444 seconds .

========================================================================
Received Import Request.
  Time since last request: 0.000196 seconds.
  path: Assets/Packages/Ensar Custom Fonts/Futura Maxi CG Bold Regular.otf
  artifactKey: Guid(47039305822c147c68ed1d100a600cde) Importer(815301076,1909f56bfc062723c751e8b465ee728b)
Start importing Assets/Packages/Ensar Custom Fonts/Futura Maxi CG Bold Regular.otf using Guid(47039305822c147c68ed1d100a600cde) Importer(815301076,1909f56bfc062723c751e8b465ee728b)  -> (artifact id: '82f847e015ef5aa044731b77e8ac9ce9') in 0.028195 seconds 
  Import took 0.034757 seconds .

========================================================================
Received Import Request.
  Time since last request: 0.000204 seconds.
  path: Assets/Packages/Ensar Custom Fonts/GlueGun-GW8Z.ttf
  artifactKey: Guid(fd1699b6bfc13de4fb35423a3fdd9066) Importer(815301076,1909f56bfc062723c751e8b465ee728b)
Start importing Assets/Packages/Ensar Custom Fonts/GlueGun-GW8Z.ttf using Guid(fd1699b6bfc13de4fb35423a3fdd9066) Importer(815301076,1909f56bfc062723c751e8b465ee728b)  -> (artifact id: 'bd38bbaa526f353121e055188da8de4d') in 0.012351 seconds 
  Import took 0.027202 seconds .

========================================================================
Received Import Request.
  Time since last request: 0.000182 seconds.
  path: Assets/Packages/Ensar Custom Fonts/Hypeblox-L3YGZ.ttf
  artifactKey: Guid(0adca57ef04526e43a38a2d1f2a9fccc) Importer(815301076,1909f56bfc062723c751e8b465ee728b)
Start importing Assets/Packages/Ensar Custom Fonts/Hypeblox-L3YGZ.ttf using Guid(0adca57ef04526e43a38a2d1f2a9fccc) Importer(815301076,1909f56bfc062723c751e8b465ee728b)  -> (artifact id: '0537e9d888275180719ba751d04dfa8b') in 0.011488 seconds 
  Import took 0.016874 seconds .

========================================================================
Received Import Request.
  Time since last request: 0.000181 seconds.
  path: Assets/Packages/Ensar Custom Fonts/RapierZeroItalic-DyK3 SDF.asset
  artifactKey: Guid(b346ec951d9ab48459205d962d6f9cd2) Importer(815301076,1909f56bfc062723c751e8b465ee728b)
Start importing Assets/Packages/Ensar Custom Fonts/RapierZeroItalic-DyK3 SDF.asset using Guid(b346ec951d9ab48459205d962d6f9cd2) Importer(815301076,1909f56bfc062723c751e8b465ee728b)  -> (artifact id: 'b25c468aa8e313c6af6f19a354d5f44e') in 0.025285 seconds 
  Import took 0.031414 seconds .

========================================================================
Received Import Request.
  Time since last request: 0.000449 seconds.
  path: Assets/Packages/Ensar Custom Fonts/DiloWorld-mLJLv SDF.asset
  artifactKey: Guid(bd8615fd4de9ec04e8414fc45df5cc7d) Importer(815301076,1909f56bfc062723c751e8b465ee728b)
Start importing Assets/Packages/Ensar Custom Fonts/DiloWorld-mLJLv SDF.asset using Guid(bd8615fd4de9ec04e8414fc45df5cc7d) Importer(815301076,1909f56bfc062723c751e8b465ee728b)  -> (artifact id: 'bb03abf684977cfff8cdd40319aba698') in 0.026965 seconds 
  Import took 0.033311 seconds .

========================================================================
Received Import Request.
  Time since last request: 0.000202 seconds.
  path: Assets/Packages/Ensar Custom Fonts/RapierZeroHollowItalic-pLrD.ttf
  artifactKey: Guid(621500520728329478eb8d81d0338bb2) Importer(815301076,1909f56bfc062723c751e8b465ee728b)
Start importing Assets/Packages/Ensar Custom Fonts/RapierZeroHollowItalic-pLrD.ttf using Guid(621500520728329478eb8d81d0338bb2) Importer(815301076,1909f56bfc062723c751e8b465ee728b)  -> (artifact id: '7e81dd68b4d48491f6742f6201a993b1') in 0.010548 seconds 
  Import took 0.016800 seconds .

========================================================================
Received Import Request.
  Time since last request: 168.575865 seconds.
  path: Assets/Packages/Ensar Custom Fonts/GAMERIA SDF.asset
  artifactKey: Guid(febaecb7ec30f5a44b75eb8b684092cf) Importer(815301076,1909f56bfc062723c751e8b465ee728b)
Start importing Assets/Packages/Ensar Custom Fonts/GAMERIA SDF.asset using Guid(febaecb7ec30f5a44b75eb8b684092cf) Importer(815301076,1909f56bfc062723c751e8b465ee728b)  -> (artifact id: '23f9661890b53b13a31db0b0b3c9c3c2') in 0.035314 seconds 
  Import took 0.041909 seconds .

========================================================================
Received Import Request.
  Time since last request: 137.532916 seconds.
  path: Assets/Textures
  artifactKey: Guid(9fb9021f7f0de50478c30c6769ecacbf) Importer(815301076,1909f56bfc062723c751e8b465ee728b)
Start importing Assets/Textures using Guid(9fb9021f7f0de50478c30c6769ecacbf) Importer(815301076,1909f56bfc062723c751e8b465ee728b)  -> (artifact id: '1c69b585dc8784ee8a8fdcb98739284a') in 0.009007 seconds 
  Import took 0.015262 seconds .

========================================================================
Received Import Request.
  Time since last request: 8.388984 seconds.
  path: Assets/UI Elements
  artifactKey: Guid(e1e42fb03bfa0e84393d734384f3bfcc) Importer(815301076,1909f56bfc062723c751e8b465ee728b)
Start importing Assets/UI Elements using Guid(e1e42fb03bfa0e84393d734384f3bfcc) Importer(815301076,1909f56bfc062723c751e8b465ee728b)  -> (artifact id: '03095c835f221eb0aae9a2e43c2cb0f3') in 0.008923 seconds 
  Import took 0.015728 seconds .

========================================================================
Received Import Request.
  Time since last request: 3.594941 seconds.
  path: Assets/UI Elements/hand.png
  artifactKey: Guid(25ab895d3474f1b488649d64bfcfb3dd) Importer(815301076,1909f56bfc062723c751e8b465ee728b)
Start importing Assets/UI Elements/hand.png using Guid(25ab895d3474f1b488649d64bfcfb3dd) Importer(815301076,1909f56bfc062723c751e8b465ee728b)  -> (artifact id: '49fd3d0aae1b9aeec3fbcfe0791d91b0') in 0.029466 seconds 
  Import took 0.035267 seconds .

========================================================================
Received Import Request.
  Time since last request: 6.463479 seconds.
  path: Assets/UI Elements/hand1.png
  artifactKey: Guid(7b4e640db25399943b8584efaa63c78a) Importer(815301076,1909f56bfc062723c751e8b465ee728b)
Start importing Assets/UI Elements/hand1.png using Guid(7b4e640db25399943b8584efaa63c78a) Importer(815301076,1909f56bfc062723c751e8b465ee728b)  -> (artifact id: '6fc05a2ef7bf81617b4ab994ad4fee3a') in 0.017637 seconds 
  Import took 0.024359 seconds .

========================================================================
Received Import Request.
  Time since last request: 10.133566 seconds.
  path: Assets/UI Elements/circle.png
  artifactKey: Guid(d96961baa4a27e545b92c434d0b33c79) Importer(815301076,1909f56bfc062723c751e8b465ee728b)
Start importing Assets/UI Elements/circle.png using Guid(d96961baa4a27e545b92c434d0b33c79) Importer(815301076,1909f56bfc062723c751e8b465ee728b)  -> (artifact id: '87d80451f6f9666c5b820cd2ce483774') in 0.020169 seconds 
  Import took 0.027657 seconds .

========================================================================
Received Import Request.
  Time since last request: 1.126993 seconds.
  path: Assets/UI Elements/arrrow.png
  artifactKey: Guid(029feef79ddde394fabfdc32c664585d) Importer(815301076,1909f56bfc062723c751e8b465ee728b)
Start importing Assets/UI Elements/arrrow.png using Guid(029feef79ddde394fabfdc32c664585d) Importer(815301076,1909f56bfc062723c751e8b465ee728b)  -> (artifact id: '9ce4c55570bcf9e2d48637d2c7b85439') in 0.016954 seconds 
  Import took 0.023954 seconds .

========================================================================
Received Import Request.
  Time since last request: 1.703568 seconds.
  path: Assets/UI Elements/arrow2.png
  artifactKey: Guid(f9c3c31b520d59544ae8a4023b705504) Importer(815301076,1909f56bfc062723c751e8b465ee728b)
Start importing Assets/UI Elements/arrow2.png using Guid(f9c3c31b520d59544ae8a4023b705504) Importer(815301076,1909f56bfc062723c751e8b465ee728b)  -> (artifact id: '4609f0739f76fd2114d640924557b768') in 0.021202 seconds 
  Import took 0.028299 seconds .

========================================================================
Received Import Request.
  Time since last request: 2.704840 seconds.
  path: Assets/UI Elements/gameria_sprite.png
  artifactKey: Guid(9598894ccdae680439089c48f3fb2a6f) Importer(815301076,1909f56bfc062723c751e8b465ee728b)
Start importing Assets/UI Elements/gameria_sprite.png using Guid(9598894ccdae680439089c48f3fb2a6f) Importer(815301076,1909f56bfc062723c751e8b465ee728b)  -> (artifact id: 'a82f57fafb6b33b2d51474b5b392d5a6') in 0.015314 seconds 
  Import took 0.021461 seconds .

========================================================================
Received Import Request.
  Time since last request: 2.878272 seconds.
  path: Assets/UI Elements/rec.png
  artifactKey: Guid(9984584e220e40e42ae069ad56446c01) Importer(815301076,1909f56bfc062723c751e8b465ee728b)
Start importing Assets/UI Elements/rec.png using Guid(9984584e220e40e42ae069ad56446c01) Importer(815301076,1909f56bfc062723c751e8b465ee728b)  -> (artifact id: '223493afe320be903c975a2f0a85b7da') in 0.026610 seconds 
  Import took 0.068562 seconds .

========================================================================
Received Import Request.
  Time since last request: 1.291467 seconds.
  path: Assets/UI Elements/restart.png
  artifactKey: Guid(68d8728c87001b847aae77d147376438) Importer(815301076,1909f56bfc062723c751e8b465ee728b)
Start importing Assets/UI Elements/restart.png using Guid(68d8728c87001b847aae77d147376438) Importer(815301076,1909f56bfc062723c751e8b465ee728b)  -> (artifact id: '5a11c96695549dec7974b54c5aa8f2d5') in 0.017207 seconds 
  Import took 0.024272 seconds .

========================================================================
Received Import Request.
  Time since last request: 2.293318 seconds.
  path: Assets/UI Elements/White bar.png
  artifactKey: Guid(623e4d45ff8cc3744a5257dbbcf2caec) Importer(815301076,1909f56bfc062723c751e8b465ee728b)
Start importing Assets/UI Elements/White bar.png using Guid(623e4d45ff8cc3744a5257dbbcf2caec) Importer(815301076,1909f56bfc062723c751e8b465ee728b)  -> (artifact id: 'c76f6ba43e044b8f78562aa4bc494441') in 0.017846 seconds 
  Import took 0.024163 seconds .

========================================================================
Received Import Request.
  Time since last request: 1.663003 seconds.
  path: Assets/UI Elements/zigzag.png
  artifactKey: Guid(d76095153699217498c9488097dd6262) Importer(815301076,1909f56bfc062723c751e8b465ee728b)
Start importing Assets/UI Elements/zigzag.png using Guid(d76095153699217498c9488097dd6262) Importer(815301076,1909f56bfc062723c751e8b465ee728b)  -> (artifact id: '4339164a25e9f78617ecdc2c4c3084c0') in 0.017133 seconds 
  Import took 0.023907 seconds .

========================================================================
Received Import Request.
  Time since last request: 1.441535 seconds.
  path: Assets/UI Elements/White bar2.png
  artifactKey: Guid(a17d3aaddbb05244d876936560e6b709) Importer(815301076,1909f56bfc062723c751e8b465ee728b)
Start importing Assets/UI Elements/White bar2.png using Guid(a17d3aaddbb05244d876936560e6b709) Importer(815301076,1909f56bfc062723c751e8b465ee728b)  -> (artifact id: 'e18fc61e8e552a16951aa977c1fcd027') in 0.016155 seconds 
  Import took 0.023176 seconds .

========================================================================
Received Import Request.
  Time since last request: 7.779158 seconds.
  path: Assets/UI Elements/arrow2.png
  artifactKey: Guid(f9c3c31b520d59544ae8a4023b705504) Importer(815301076,1909f56bfc062723c751e8b465ee728b)
Start importing Assets/UI Elements/arrow2.png using Guid(f9c3c31b520d59544ae8a4023b705504) Importer(815301076,1909f56bfc062723c751e8b465ee728b)  -> (artifact id: '412f6281c6882ac257f39bc36d342638') in 0.079103 seconds 
  Import took 0.087316 seconds .

========================================================================
Received Import Request.
  Time since last request: 0.000304 seconds.
  path: Assets/UI Elements/arrrow.png
  artifactKey: Guid(029feef79ddde394fabfdc32c664585d) Importer(815301076,1909f56bfc062723c751e8b465ee728b)
Start importing Assets/UI Elements/arrrow.png using Guid(029feef79ddde394fabfdc32c664585d) Importer(815301076,1909f56bfc062723c751e8b465ee728b)  -> (artifact id: '69da5fd1039643a190acc9d58cfb3ce7') in 0.023478 seconds 
  Import took 0.033061 seconds .

========================================================================
Received Import Request.
  Time since last request: 0.000282 seconds.
  path: Assets/UI Elements/White bar2.png
  artifactKey: Guid(a17d3aaddbb05244d876936560e6b709) Importer(815301076,1909f56bfc062723c751e8b465ee728b)
Start importing Assets/UI Elements/White bar2.png using Guid(a17d3aaddbb05244d876936560e6b709) Importer(815301076,1909f56bfc062723c751e8b465ee728b)  -> (artifact id: '5fb200d722866036fae54189d8f75f31') in 0.051721 seconds 
  Import took 0.058070 seconds .

========================================================================
Received Import Request.
  Time since last request: 0.000268 seconds.
  path: Assets/UI Elements/circle.png
  artifactKey: Guid(d96961baa4a27e545b92c434d0b33c79) Importer(815301076,1909f56bfc062723c751e8b465ee728b)
Start importing Assets/UI Elements/circle.png using Guid(d96961baa4a27e545b92c434d0b33c79) Importer(815301076,1909f56bfc062723c751e8b465ee728b)  -> (artifact id: 'f575000b640f8a1f8d944e50d6e8f9f5') in 0.020659 seconds 
  Import took 0.029404 seconds .

========================================================================
Received Import Request.
  Time since last request: 0.000299 seconds.
  path: Assets/UI Elements/hand.png
  artifactKey: Guid(25ab895d3474f1b488649d64bfcfb3dd) Importer(815301076,1909f56bfc062723c751e8b465ee728b)
Start importing Assets/UI Elements/hand.png using Guid(25ab895d3474f1b488649d64bfcfb3dd) Importer(815301076,1909f56bfc062723c751e8b465ee728b)  -> (artifact id: 'a170e260e4c0ed18a4284c4a6df35ff6') in 0.029457 seconds 
  Import took 0.115783 seconds .

========================================================================
Received Import Request.
  Time since last request: 0.000344 seconds.
  path: Assets/UI Elements/gameria_sprite.png
  artifactKey: Guid(9598894ccdae680439089c48f3fb2a6f) Importer(815301076,1909f56bfc062723c751e8b465ee728b)
Start importing Assets/UI Elements/gameria_sprite.png using Guid(9598894ccdae680439089c48f3fb2a6f) Importer(815301076,1909f56bfc062723c751e8b465ee728b)  -> (artifact id: 'fc767807c29cdc2e28f34b0c5946b686') in 0.021362 seconds 
  Import took 0.026246 seconds .

========================================================================
Received Import Request.
  Time since last request: 0.000307 seconds.
  path: Assets/UI Elements/hand1.png
  artifactKey: Guid(7b4e640db25399943b8584efaa63c78a) Importer(815301076,1909f56bfc062723c751e8b465ee728b)
Start importing Assets/UI Elements/hand1.png using Guid(7b4e640db25399943b8584efaa63c78a) Importer(815301076,1909f56bfc062723c751e8b465ee728b)  -> (artifact id: 'c5d516342bb2893595e53fc9d7596a95') in 0.021994 seconds 
  Import took 0.028244 seconds .

========================================================================
Received Import Request.
  Time since last request: 0.000299 seconds.
  path: Assets/UI Elements/rec.png
  artifactKey: Guid(9984584e220e40e42ae069ad56446c01) Importer(815301076,1909f56bfc062723c751e8b465ee728b)
Start importing Assets/UI Elements/rec.png using Guid(9984584e220e40e42ae069ad56446c01) Importer(815301076,1909f56bfc062723c751e8b465ee728b)  -> (artifact id: '2fd7b89e0cca10430b68c674cc6a5795') in 0.021365 seconds 
  Import took 0.028420 seconds .

========================================================================
Received Import Request.
  Time since last request: 0.000269 seconds.
  path: Assets/UI Elements/restart.png
  artifactKey: Guid(68d8728c87001b847aae77d147376438) Importer(815301076,1909f56bfc062723c751e8b465ee728b)
Start importing Assets/UI Elements/restart.png using Guid(68d8728c87001b847aae77d147376438) Importer(815301076,1909f56bfc062723c751e8b465ee728b)  -> (artifact id: '8f2999321d32af5731504fdd869c420c') in 0.020935 seconds 
  Import took 0.027400 seconds .

========================================================================
Received Import Request.
  Time since last request: 0.000280 seconds.
  path: Assets/UI Elements/zigzag.png
  artifactKey: Guid(d76095153699217498c9488097dd6262) Importer(815301076,1909f56bfc062723c751e8b465ee728b)
Start importing Assets/UI Elements/zigzag.png using Guid(d76095153699217498c9488097dd6262) Importer(815301076,1909f56bfc062723c751e8b465ee728b)  -> (artifact id: '42ef21b2e08687a0fff089d8e7b7188f') in 0.028148 seconds 
  Import took 0.034758 seconds .

========================================================================
Received Import Request.
  Time since last request: 0.000202 seconds.
  path: Assets/UI Elements/White bar.png
  artifactKey: Guid(623e4d45ff8cc3744a5257dbbcf2caec) Importer(815301076,1909f56bfc062723c751e8b465ee728b)
Start importing Assets/UI Elements/White bar.png using Guid(623e4d45ff8cc3744a5257dbbcf2caec) Importer(815301076,1909f56bfc062723c751e8b465ee728b)  -> (artifact id: '12909d9cc9e192a51019c84dfa99c5df') in 0.112397 seconds 
  Import took 0.118294 seconds .

========================================================================
Received Prepare
Registering precompiled user dll's ...
Registered in 0.005516 seconds.
Begin MonoManager ReloadAssembly
Native extension for WindowsStandalone target not found
Refreshing native plugins compatible for Editor in 0.89 ms, found 5 plugins.
Preloading 0 native plugins for Editor in 0.00 ms.
Mono: successfully reloaded assembly
- Completed reload, in  1.566 seconds
Domain Reload Profiling:
	ReloadAssembly (1566ms)
		BeginReloadAssembly (162ms)
			ExecutionOrderSort (0ms)
			DisableScriptedObjects (9ms)
			BackupInstance (0ms)
			ReleaseScriptingObjects (0ms)
			CreateAndSetChildDomain (53ms)
		EndReloadAssembly (1333ms)
			LoadAssemblies (120ms)
			RebuildTransferFunctionScriptingTraits (0ms)
			SetupTypeCache (494ms)
			ReleaseScriptCaches (2ms)
			RebuildScriptCaches (94ms)
			SetupLoadedEditorAssemblies (420ms)
				LogAssemblyErrors (0ms)
				InitializePlatformSupportModulesInManaged (8ms)
				SetLoadedEditorAssemblies (1ms)
				RefreshPlugins (1ms)
				BeforeProcessingInitializeOnLoad (142ms)
				ProcessInitializeOnLoadAttributes (251ms)
				ProcessInitializeOnLoadMethodAttributes (12ms)
				AfterProcessingInitializeOnLoad (4ms)
				EditorAssembliesLoaded (0ms)
			ExecutionOrderSort2 (0ms)
			AwakeInstancesAfterBackupRestoration (21ms)
Platform modules already initialized, skipping
Refreshing native plugins compatible for Editor in 0.71 ms, found 5 plugins.
Preloading 0 native plugins for Editor in 0.00 ms.
Unloading 2919 Unused Serialized files (Serialized files now loaded: 0)
System memory in use before: 133.2 MB.
System memory in use after: 132.8 MB.

Unloading 38 unused Assets to reduce memory usage. Loaded Objects now: 3539.
Total: 5.095000 ms (FindLiveObjects: 0.284000 ms CreateObjectMapping: 0.159400 ms MarkObjects: 4.278900 ms  DeleteObjects: 0.371500 ms)

AssetImportParameters requested are different than current active one (requested -> active):
  custom:framework-win-MediaFoundation: 216162199b28c13a410421893ffa2e32 -> 
  custom:video-decoder-ogg-theora: a1e56fd34408186e4bbccfd4996cb3dc -> 
  custom:container-muxer-webm: aa71ff27fc2769a1b78a27578f13a17b -> 
  custom:container-demuxer-webm: 4f35f7cbe854078d1ac9338744f61a02 -> 
  custom:container-demuxer-ogg: 62fdf1f143b41e24485cea50d1cbac27 -> 
  custom:video-encoder-webm-vp8: eb34c28f22e8b96e1ab97ce403110664 -> 
  custom:video-decoder-webm-vp8: 9c59270c3fd7afecdb556c50c9e8de78 -> 
  custom:audio-decoder-ogg-vorbis: bf7c407c2cedff20999df2af8eb42d56 -> 
  custom:audio-encoder-webm-vorbis: bf7c407c2cedff20999df2af8eb42d56 -> 
========================================================================
Received Import Request.
  Time since last request: 199.741691 seconds.
  path: Assets/UI Elements/gameria_sprite.png
  artifactKey: Guid(9598894ccdae680439089c48f3fb2a6f) Importer(815301076,1909f56bfc062723c751e8b465ee728b)
Start importing Assets/UI Elements/gameria_sprite.png using Guid(9598894ccdae680439089c48f3fb2a6f) Importer(815301076,1909f56bfc062723c751e8b465ee728b)  -> (artifact id: 'b67d2ee796f84b525d9624ad160c055f') in 0.157048 seconds 
  Import took 0.164461 seconds .

========================================================================
Received Import Request.
  Time since last request: 74.539422 seconds.
  path: Assets/UI Elements/gameria_sprite.png
  artifactKey: Guid(9598894ccdae680439089c48f3fb2a6f) Importer(815301076,1909f56bfc062723c751e8b465ee728b)
Start importing Assets/UI Elements/gameria_sprite.png using Guid(9598894ccdae680439089c48f3fb2a6f) Importer(815301076,1909f56bfc062723c751e8b465ee728b)  -> (artifact id: '6a7045447cf19bc09d24a311b4769d4e') in 0.020865 seconds 
  Import took 0.028237 seconds .

========================================================================
Received Import Request.
  Time since last request: 27.100881 seconds.
  path: Assets/UI Elements/gameria_sprite.png
  artifactKey: Guid(9598894ccdae680439089c48f3fb2a6f) Importer(815301076,1909f56bfc062723c751e8b465ee728b)
Start importing Assets/UI Elements/gameria_sprite.png using Guid(9598894ccdae680439089c48f3fb2a6f) Importer(815301076,1909f56bfc062723c751e8b465ee728b)  -> (artifact id: '74c68c68af1f343b931f6e369ed1dceb') in 0.015863 seconds 
  Import took 0.023181 seconds .

========================================================================
Received Import Request.
  Time since last request: 61.300351 seconds.
  path: Assets/UI Elements/gameria_sprite.png
  artifactKey: Guid(9598894ccdae680439089c48f3fb2a6f) Importer(815301076,1909f56bfc062723c751e8b465ee728b)
Start importing Assets/UI Elements/gameria_sprite.png using Guid(9598894ccdae680439089c48f3fb2a6f) Importer(815301076,1909f56bfc062723c751e8b465ee728b)  -> (artifact id: '92d83dbb6e4ca717b5f0573caa115d5c') in 0.020587 seconds 
  Import took 0.028937 seconds .

========================================================================
Received Import Request.
  Time since last request: 292.508292 seconds.
  path: Assets/Animations
  artifactKey: Guid(2de80f2f769307f4a9d86ca0550d8ba8) Importer(815301076,1909f56bfc062723c751e8b465ee728b)
Start importing Assets/Animations using Guid(2de80f2f769307f4a9d86ca0550d8ba8) Importer(815301076,1909f56bfc062723c751e8b465ee728b)  -> (artifact id: '4e9984b7adf7122134c3433c9794781b') in 0.011883 seconds 
  Import took 0.019338 seconds .

========================================================================
Received Import Request.
  Time since last request: 67.147677 seconds.
  path: Assets/Hand.prefab
  artifactKey: Guid(d8b1ef543f14aec429b49b66b9eee9db) Importer(815301076,1909f56bfc062723c751e8b465ee728b)
Start importing Assets/Hand.prefab using Guid(d8b1ef543f14aec429b49b66b9eee9db) Importer(815301076,1909f56bfc062723c751e8b465ee728b)  -> (artifact id: '0d0eeaa927848fc0429435ed34fc43b1') in 0.034531 seconds 
  Import took 0.042780 seconds .

========================================================================
Received Import Request.
  Time since last request: 257.317254 seconds.
  path: Assets/Animations/Hand.controller
  artifactKey: Guid(304ace20e6029ef408d0ac7a8d61f6b5) Importer(815301076,1909f56bfc062723c751e8b465ee728b)
Start importing Assets/Animations/Hand.controller using Guid(304ace20e6029ef408d0ac7a8d61f6b5) Importer(815301076,1909f56bfc062723c751e8b465ee728b)  -> (artifact id: '600d2938155c58ae916cc78f87f38d47') in 0.008677 seconds 
  Import took 0.015502 seconds .

========================================================================
Received Import Request.
  Time since last request: 46.668859 seconds.
  path: Assets/Animations/hand anim.anim
  artifactKey: Guid(e8f2dd332c9bb4243a758dcc88aaf15e) Importer(815301076,1909f56bfc062723c751e8b465ee728b)
Start importing Assets/Animations/hand anim.anim using Guid(e8f2dd332c9bb4243a758dcc88aaf15e) Importer(815301076,1909f56bfc062723c751e8b465ee728b)  -> (artifact id: 'b08f157e6258e660c1888ecdfbaf0af6') in 0.013135 seconds 
  Import took 0.019494 seconds .

AssetImportWorkerClient::OnTransportError - code=2 error=End of file
